

================================================================
== Vivado HLS Report for 'doImgProc'
================================================================
* Date:           Mon Oct 02 16:58:14 2017

* Version:        2015.4 (Build 1412921 on Wed Nov 18 09:58:55 AM 2015)
* Project:        Lab_10_Conv2d
* Solution:       solution1
* Product family: zynq
* Target device:  xc7z020clg484-1


================================================================
== Performance Estimates
================================================================
+ Timing (ns): 
    * Summary: 
    +--------+-------+----------+------------+
    |  Clock | Target| Estimated| Uncertainty|
    +--------+-------+----------+------------+
    |ap_clk  |  10.00|      8.34|        1.25|
    +--------+-------+----------+------------+

+ Latency (clock cycles): 
    * Summary: 
    +---------+---------+---------+---------+---------+
    |      Latency      |      Interval     | Pipeline|
    |   min   |   max   |   min   |   max   |   Type  |
    +---------+---------+---------+---------+---------+
    |  2756864|  2756864|  2756865|  2756865|   none  |
    +---------+---------+---------+---------+---------+

    + Detail: 
        * Instance: 
        N/A

        * Loop: 
        +----------+---------+---------+----------+-----------+-----------+--------+----------+
        |          |      Latency      | Iteration|  Initiation Interval  |  Trip  |          |
        | Loop Name|   min   |   max   |  Latency |  achieved |   target  |  Count | Pipelined|
        +----------+---------+---------+----------+-----------+-----------+--------+----------+
        |- Loop 1  |  2756165|  2756165|        15|          9|          1|  306240|    yes   |
        |- Loop 2  |      697|      697|         1|          -|          -|     697|    no    |
        +----------+---------+---------+----------+-----------+-----------+--------+----------+



================================================================
== Utilization Estimates
================================================================
* Summary: 
+-----------------+---------+-------+--------+-------+
|       Name      | BRAM_18K| DSP48E|   FF   |  LUT  |
+-----------------+---------+-------+--------+-------+
|DSP              |        -|      -|       -|      -|
|Expression       |        -|      9|       0|    810|
|FIFO             |        -|      -|       -|      -|
|Instance         |        2|      -|     184|    214|
|Memory           |        3|      -|       0|      0|
|Multiplexer      |        -|      -|       -|    337|
|Register         |        -|      -|     854|      -|
+-----------------+---------+-------+--------+-------+
|Total            |        5|      9|    1038|   1361|
+-----------------+---------+-------+--------+-------+
|Available        |      280|    220|  106400|  53200|
+-----------------+---------+-------+--------+-------+
|Utilization (%)  |        1|      4|   ~0   |      2|
+-----------------+---------+-------+--------+-------+

+ Detail: 
    * Instance: 
    +------------------------------+----------------------------+---------+-------+-----+-----+
    |           Instance           |           Module           | BRAM_18K| DSP48E|  FF | LUT |
    +------------------------------+----------------------------+---------+-------+-----+-----+
    |doImgProc_CRTL_BUS_s_axi_U    |doImgProc_CRTL_BUS_s_axi    |        0|      0|   74|  104|
    |doImgProc_KERNEL_BUS_s_axi_U  |doImgProc_KERNEL_BUS_s_axi  |        2|      0|  110|  110|
    +------------------------------+----------------------------+---------+-------+-----+-----+
    |Total                         |                            |        2|      0|  184|  214|
    +------------------------------+----------------------------+---------+-------+-----+-----+

    * DSP48: 
    N/A

    * Memory: 
    +------------------+--------------------------+---------+---+----+------+-----+------+-------------+
    |      Memory      |          Module          | BRAM_18K| FF| LUT| Words| Bits| Banks| W*Bits*Banks|
    +------------------+--------------------------+---------+---+----+------+-----+------+-------------+
    |lineBuff_val_0_U  |doImgProc_lineBuff_val_0  |        1|  0|   0|   696|    8|     1|         5568|
    |lineBuff_val_1_U  |doImgProc_lineBuff_val_0  |        1|  0|   0|   696|    8|     1|         5568|
    |lineBuff_val_2_U  |doImgProc_lineBuff_val_0  |        1|  0|   0|   696|    8|     1|         5568|
    +------------------+--------------------------+---------+---+----+------+-----+------+-------------+
    |Total             |                          |        3|  0|   0|  2088|   24|     3|        16704|
    +------------------+--------------------------+---------+---+----+------+-----+------+-------------+

    * FIFO: 
    N/A

    * Expression: 
    +-----------------------------------------+----------+-------+---+----+------------+------------+
    |              Variable Name              | Operation| DSP48E| FF| LUT| Bitwidth P0| Bitwidth P1|
    +-----------------------------------------+----------+-------+---+----+------------+------------+
    |window_val_0_0_fu_760_p2                 |     *    |      1|  0|   0|           8|           8|
    |window_val_0_1_fu_777_p2                 |     *    |      1|  0|   0|           8|           8|
    |window_val_0_2_fu_800_p2                 |     *    |      1|  0|   0|           8|           8|
    |window_val_1_0_fu_817_p2                 |     *    |      1|  0|   0|           8|           8|
    |window_val_1_1_fu_878_p2                 |     *    |      1|  0|   0|           8|           8|
    |window_val_1_2_fu_915_p2                 |     *    |      1|  0|   0|           8|           8|
    |window_val_2_0_fu_952_p2                 |     *    |      1|  0|   0|           8|           8|
    |window_val_2_1_fu_989_p2                 |     *    |      1|  0|   0|           8|           8|
    |window_val_2_2_fu_1031_p2                |     *    |      1|  0|   0|           8|           8|
    |col_assign_1_0_2_fu_694_p2               |     +    |      0|  0|  32|           2|          32|
    |countWait_2_fu_1217_p2                   |     +    |      0|  0|  10|          10|           1|
    |idxCol_fu_610_p2                         |     +    |      0|  0|  32|           1|          32|
    |idxRow_2_fu_616_p2                       |     +    |      0|  0|  32|           1|          32|
    |phitmp_fu_644_p2                         |     +    |      0|  0|  19|          19|           1|
    |pixConvolved_3_fu_675_p2                 |     +    |      0|  0|  32|           1|          32|
    |tmp1_fu_995_p2                           |     +    |      0|  0|  16|          16|          16|
    |tmp2_fu_1037_p2                          |     +    |      0|  0|   8|          16|          16|
    |tmp3_fu_1041_p2                          |     +    |      0|  0|   8|          16|          16|
    |tmp4_fu_783_p2                           |     +    |      0|  0|  16|          16|          16|
    |tmp5_fu_1070_p2                          |     +    |      0|  0|   8|          16|          16|
    |tmp6_fu_1074_p2                          |     +    |      0|  0|   8|          16|          16|
    |tmp7_fu_1079_p2                          |     +    |      0|  0|   8|          16|          16|
    |valOutput_fu_1084_p2                     |     +    |      0|  0|   8|          16|          16|
    |p_neg_fu_1144_p2                         |     -    |      0|  0|  17|           1|          17|
    |tmp_2_fu_1167_p2                         |     -    |      0|  0|  15|           1|          15|
    |idxCol_1_fu_622_p3                       |  Select  |      0|  0|  32|           1|          32|
    |idxRow_1_fu_630_p3                       |  Select  |      0|  0|  32|           1|          32|
    |p_s_fu_1196_p3                           |  Select  |      0|  0|   8|           1|           1|
    |pixConvolved_1_fu_732_p3                 |  Select  |      0|  0|  32|           1|          32|
    |pixConvolved_2_fu_739_p3                 |  Select  |      0|  0|  32|           1|          32|
    |sel_tmp10_fu_1134_p3                     |  Select  |      0|  0|   8|           1|           8|
    |sel_tmp1_fu_700_p3                       |  Select  |      0|  0|  32|           1|          32|
    |sel_tmp4_fu_710_p3                       |  Select  |      0|  0|  32|           1|          32|
    |sel_tmp7_fu_721_p3                       |  Select  |      0|  0|  32|           1|          32|
    |sel_tmp_fu_1127_p3                       |  Select  |      0|  0|   8|           1|           8|
    |tmp_data_V_fu_1204_p3                    |  Select  |      0|  0|   8|           1|           8|
    |valInWindow_0_maxVal_1_0_1_i_fu_853_p3   |  Select  |      0|  0|   8|           1|           8|
    |valInWindow_0_maxVal_1_0_2_i_fu_864_p3   |  Select  |      0|  0|   8|           1|           8|
    |valInWindow_0_maxVal_1_1_1_i_fu_939_p3   |  Select  |      0|  0|   8|           1|           8|
    |valInWindow_0_maxVal_1_1_2_i_fu_976_p3   |  Select  |      0|  0|   8|           1|           8|
    |valInWindow_0_maxVal_1_1_i_fu_902_p3     |  Select  |      0|  0|   8|           1|           8|
    |valInWindow_0_maxVal_1_2_1_i_fu_1064_p3  |  Select  |      0|  0|   8|           1|           8|
    |valInWindow_0_maxVal_1_2_2_i_fu_1121_p3  |  Select  |      0|  0|   8|           1|           8|
    |valInWindow_0_maxVal_1_2_i_fu_1018_p3    |  Select  |      0|  0|   8|           1|           8|
    |valInWindow_0_minVal_1_0_1_i_fu_827_p3   |  Select  |      0|  0|   8|           1|           8|
    |valInWindow_0_minVal_1_0_2_i_fu_838_p3   |  Select  |      0|  0|   8|           1|           8|
    |valInWindow_0_minVal_1_1_1_i_fu_925_p3   |  Select  |      0|  0|   8|           1|           8|
    |valInWindow_0_minVal_1_1_2_i_fu_962_p3   |  Select  |      0|  0|   8|           1|           8|
    |valInWindow_0_minVal_1_1_i_fu_888_p3     |  Select  |      0|  0|   8|           1|           8|
    |valInWindow_0_minVal_1_2_1_i_fu_1050_p3  |  Select  |      0|  0|   8|           1|           8|
    |valInWindow_0_minVal_1_2_2_i_fu_1111_p3  |  Select  |      0|  0|   8|           1|           8|
    |valInWindow_0_minVal_1_2_i_fu_1004_p3    |  Select  |      0|  0|   8|           1|           8|
    |valOutput_1_fu_1177_p3                   |  Select  |      0|  0|  15|           1|          15|
    |ap_sig_bdd_1214                          |    and   |      0|  0|   1|           1|           1|
    |ap_sig_bdd_160                           |    and   |      0|  0|   1|           1|           1|
    |or_cond_fu_598_p2                        |    and   |      0|  0|   1|           1|           1|
    |sel_tmp3_fu_706_p2                       |    and   |      0|  0|   1|           1|           1|
    |sel_tmp6_fu_717_p2                       |    and   |      0|  0|   1|           1|           1|
    |sel_tmp9_fu_728_p2                       |    and   |      0|  0|   1|           1|           1|
    |exitcond1_fu_554_p2                      |   icmp   |      0|  0|   7|          19|          19|
    |exitcond_fu_1211_p2                      |   icmp   |      0|  0|   4|          10|          10|
    |icmp4_fu_592_p2                          |   icmp   |      0|  0|  11|          31|           1|
    |icmp_fu_576_p2                           |   icmp   |      0|  0|  11|          31|           1|
    |sel_tmp2_fu_536_p2                       |   icmp   |      0|  0|  11|          32|           2|
    |sel_tmp5_fu_542_p2                       |   icmp   |      0|  0|  11|          32|           1|
    |sel_tmp8_fu_548_p2                       |   icmp   |      0|  0|  11|          32|           1|
    |tmp_11_0_1_i_fu_849_p2                   |   icmp   |      0|  0|   3|           8|           8|
    |tmp_11_0_2_i_fu_859_p2                   |   icmp   |      0|  0|   3|           8|           8|
    |tmp_11_1_1_i_fu_935_p2                   |   icmp   |      0|  0|   3|           8|           8|
    |tmp_11_1_2_i_fu_972_p2                   |   icmp   |      0|  0|   3|           8|           8|
    |tmp_11_1_i_fu_898_p2                     |   icmp   |      0|  0|   3|           8|           8|
    |tmp_11_2_1_i_fu_1060_p2                  |   icmp   |      0|  0|   3|           8|           8|
    |tmp_11_2_2_i_fu_1117_p2                  |   icmp   |      0|  0|   3|           8|           8|
    |tmp_11_2_i_fu_1014_p2                    |   icmp   |      0|  0|   3|           8|           8|
    |tmp_11_fu_604_p2                         |   icmp   |      0|  0|  11|          32|          10|
    |tmp_12_fu_638_p2                         |   icmp   |      0|  0|   7|          19|          10|
    |tmp_5_0_1_i_fu_823_p2                    |   icmp   |      0|  0|   3|           8|           8|
    |tmp_5_0_2_i_fu_833_p2                    |   icmp   |      0|  0|   3|           8|           8|
    |tmp_5_1_1_i_fu_921_p2                    |   icmp   |      0|  0|   3|           8|           8|
    |tmp_5_1_2_i_fu_958_p2                    |   icmp   |      0|  0|   3|           8|           8|
    |tmp_5_1_i_fu_884_p2                      |   icmp   |      0|  0|   3|           8|           8|
    |tmp_5_2_1_i_fu_1046_p2                   |   icmp   |      0|  0|   3|           8|           8|
    |tmp_5_2_2_i_fu_1107_p2                   |   icmp   |      0|  0|   3|           8|           8|
    |tmp_5_2_i_fu_1000_p2                     |   icmp   |      0|  0|   3|           8|           8|
    |tmp_last_V_fu_1223_p2                    |   icmp   |      0|  0|   4|          10|          10|
    +-----------------------------------------+----------+-------+---+----+------------+------------+
    |Total                                    |          |      9|  0| 810|         646|         953|
    +-----------------------------------------+----------+-------+---+----+------------+------------+

    * Multiplexer: 
    +---------------------------------+----+-----------+-----+-----------+
    |               Name              | LUT| Input Size| Bits| Total Bits|
    +---------------------------------+----+-----------+-----+-----------+
    |ap_NS_fsm                        |   6|         12|    1|         12|
    |ap_sig_ioackin_outStream_TREADY  |   1|          2|    1|          2|
    |col_assign_phi_fu_467_p4         |  32|          2|   32|         64|
    |col_assign_reg_463               |  32|          2|   32|         64|
    |countWait_1_reg_508              |  10|          2|   10|         20|
    |countWait_phi_fu_501_p4          |  19|          2|   19|         38|
    |countWait_reg_497                |  19|          2|   19|         38|
    |idxRow_phi_fu_478_p4             |  32|          2|   32|         64|
    |idxRow_reg_474                   |  32|          2|   32|         64|
    |kernel_address0                  |   8|         10|    4|         40|
    |lineBuff_val_0_address0          |  10|          3|   10|         30|
    |lineBuff_val_0_address1          |  10|          3|   10|         30|
    |lineBuff_val_1_address0          |  10|          4|   10|         40|
    |lineBuff_val_1_address1          |  10|          3|   10|         30|
    |lineBuff_val_2_address0          |  10|          4|   10|         40|
    |lineBuff_val_2_address1          |  10|          3|   10|         30|
    |outStream_TDATA                  |   8|          3|    8|         24|
    |outStream_TDEST                  |   1|          3|    1|          3|
    |outStream_TID                    |   1|          3|    1|          3|
    |outStream_TKEEP                  |   1|          3|    1|          3|
    |outStream_TLAST                  |   1|          3|    1|          3|
    |outStream_TSTRB                  |   1|          3|    1|          3|
    |outStream_TUSER                  |   1|          3|    1|          3|
    |pixConvolved_phi_fu_489_p4       |  32|          2|   32|         64|
    |pixConvolved_reg_485             |  32|          2|   32|         64|
    |reg_527                          |   8|          2|    8|         16|
    +---------------------------------+----+-----------+-----+-----------+
    |Total                            | 337|         85|  328|        792|
    +---------------------------------+----+-----------+-----+-----------+

    * Register: 
    +--------------------------------------------+----+----+-----+-----------+
    |                    Name                    | FF | LUT| Bits| Const Bits|
    +--------------------------------------------+----+----+-----+-----------+
    |ap_CS_fsm                                   |  11|   0|   11|          0|
    |ap_reg_ioackin_outStream_TREADY             |   1|   0|    1|          0|
    |ap_reg_ppiten_pp0_it0                       |   1|   0|    1|          0|
    |ap_reg_ppiten_pp0_it1                       |   1|   0|    1|          0|
    |ap_reg_ppstg_exitcond1_reg_1290_pp0_it1     |   1|   0|    1|          0|
    |ap_reg_ppstg_sel_tmp3_reg_1415_pp0_it1      |   1|   0|    1|          0|
    |ap_reg_ppstg_sel_tmp6_reg_1420_pp0_it1      |   1|   0|    1|          0|
    |ap_reg_ppstg_sel_tmp9_reg_1425_pp0_it1      |   1|   0|    1|          0|
    |ap_reg_ppstg_tmp_12_reg_1332_pp0_it1        |   1|   0|    1|          0|
    |ap_reg_ppstg_tmp_dest_V_1_reg_1365_pp0_it1  |   1|   0|    1|          0|
    |ap_reg_ppstg_tmp_id_V_1_reg_1359_pp0_it1    |   1|   0|    1|          0|
    |ap_reg_ppstg_tmp_keep_V_1_reg_1341_pp0_it1  |   1|   0|    1|          0|
    |ap_reg_ppstg_tmp_strb_V_1_reg_1347_pp0_it1  |   1|   0|    1|          0|
    |ap_reg_ppstg_tmp_user_V_1_reg_1353_pp0_it1  |   1|   0|    1|          0|
    |col_assign_1_0_2_reg_1390                   |  32|   0|   32|          0|
    |col_assign_reg_463                          |  32|   0|   32|          0|
    |countWait_1_reg_508                         |  10|   0|   10|          0|
    |countWait_reg_497                           |  19|   0|   19|          0|
    |exitcond1_reg_1290                          |   1|   0|    1|          0|
    |idxCol_1_reg_1322                           |  32|   0|   32|          0|
    |idxRow_1_reg_1327                           |  32|   0|   32|          0|
    |idxRow_reg_474                              |  32|   0|   32|          0|
    |kernel_addr_1_reg_1235                      |   0|   0|    4|          4|
    |kernel_addr_2_reg_1240                      |   0|   0|    4|          4|
    |kernel_addr_3_reg_1245                      |   0|   0|    4|          4|
    |kernel_addr_4_reg_1250                      |   0|   0|    4|          4|
    |kernel_addr_5_reg_1255                      |   0|   0|    4|          4|
    |kernel_addr_6_reg_1260                      |   0|   0|    4|          4|
    |kernel_addr_7_reg_1265                      |   0|   0|    4|          4|
    |kernel_addr_8_reg_1270                      |   0|   0|    4|          4|
    |kernel_addr_reg_1230                        |   0|   0|    4|          4|
    |lineBuff_val_0_load_1_reg_1435              |   8|   0|    8|          0|
    |lineBuff_val_1_addr_reg_1299                |  10|   0|   10|          0|
    |lineBuff_val_1_load_1_reg_1445              |   8|   0|    8|          0|
    |lineBuff_val_1_load_2_reg_1450              |   8|   0|    8|          0|
    |lineBuff_val_1_load_3_reg_1480              |   8|   0|    8|          0|
    |lineBuff_val_2_addr_reg_1304                |  10|   0|   10|          0|
    |lineBuff_val_2_load_1_reg_1460              |   8|   0|    8|          0|
    |lineBuff_val_2_load_2_reg_1465              |   8|   0|    8|          0|
    |lineBuff_val_2_load_3_reg_1485              |   8|   0|    8|          0|
    |or_cond_reg_1309                            |   1|   0|    1|          0|
    |phitmp_reg_1336                             |  19|   0|   19|          0|
    |pixConvolved_2_reg_1430                     |  32|   0|   32|          0|
    |pixConvolved_3_reg_1371                     |  32|   0|   32|          0|
    |pixConvolved_reg_485                        |  32|   0|   32|          0|
    |reg_519                                     |   8|   0|    8|          0|
    |reg_523                                     |   8|   0|    8|          0|
    |reg_527                                     |   8|   0|    8|          0|
    |reg_532                                     |   8|   0|    8|          0|
    |sel_tmp10_reg_1694                          |   8|   0|    8|          0|
    |sel_tmp2_reg_1275                           |   1|   0|    1|          0|
    |sel_tmp3_reg_1415                           |   1|   0|    1|          0|
    |sel_tmp5_reg_1280                           |   1|   0|    1|          0|
    |sel_tmp6_reg_1420                           |   1|   0|    1|          0|
    |sel_tmp8_reg_1285                           |   1|   0|    1|          0|
    |sel_tmp9_reg_1425                           |   1|   0|    1|          0|
    |tmp1_reg_1624                               |  16|   0|   16|          0|
    |tmp3_reg_1654                               |  16|   0|   16|          0|
    |tmp4_reg_1498                               |  16|   0|   16|          0|
    |tmp_11_reg_1317                             |   1|   0|    1|          0|
    |tmp_12_reg_1332                             |   1|   0|    1|          0|
    |tmp_14_reg_1490                             |   8|   0|    8|          0|
    |tmp_15_reg_1503                             |   8|   0|    8|          0|
    |tmp_16_reg_1516                             |   8|   0|    8|          0|
    |tmp_17_reg_1535                             |   8|   0|    8|          0|
    |tmp_18_reg_1560                             |   8|   0|    8|          0|
    |tmp_19_reg_1585                             |   8|   0|    8|          0|
    |tmp_20_reg_1610                             |   8|   0|    8|          0|
    |tmp_21_reg_1635                             |   8|   0|    8|          0|
    |tmp_22_reg_1665                             |   8|   0|    8|          0|
    |tmp_6_reg_1684                              |   1|   0|    1|          0|
    |tmp_9_reg_1689                              |  13|   0|   13|          0|
    |tmp_dest_V_1_reg_1365                       |   1|   0|    1|          0|
    |tmp_dest_V_reg_450                          |   1|   0|    1|          0|
    |tmp_id_V_1_reg_1359                         |   1|   0|    1|          0|
    |tmp_id_V_reg_398                            |   1|   0|    1|          0|
    |tmp_keep_V_1_reg_1341                       |   1|   0|    1|          0|
    |tmp_keep_V_reg_437                          |   1|   0|    1|          0|
    |tmp_s_reg_1294                              |  32|   0|   64|         32|
    |tmp_strb_V_1_reg_1347                       |   1|   0|    1|          0|
    |tmp_strb_V_reg_424                          |   1|   0|    1|          0|
    |tmp_user_V_1_reg_1353                       |   1|   0|    1|          0|
    |tmp_user_V_reg_411                          |   1|   0|    1|          0|
    |valInWindow_0_maxVal_1_0_2_i_reg_1543       |   8|   0|    8|          0|
    |valInWindow_0_maxVal_1_1_1_i_reg_1593       |   8|   0|    8|          0|
    |valInWindow_0_maxVal_1_1_2_i_reg_1618       |   8|   0|    8|          0|
    |valInWindow_0_maxVal_1_1_i_reg_1568         |   8|   0|    8|          0|
    |valInWindow_0_maxVal_1_2_1_i_reg_1673       |   8|   0|    8|          0|
    |valInWindow_0_maxVal_1_2_i_reg_1643         |   8|   0|    8|          0|
    |valInWindow_0_minVal_1_0_2_i_reg_1529       |   8|   0|    8|          0|
    |valInWindow_0_minVal_1_1_1_i_reg_1579       |   8|   0|    8|          0|
    |valInWindow_0_minVal_1_1_2_i_reg_1604       |   8|   0|    8|          0|
    |valInWindow_0_minVal_1_1_i_reg_1554         |   8|   0|    8|          0|
    |valInWindow_0_minVal_1_2_1_i_reg_1659       |   8|   0|    8|          0|
    |valInWindow_0_minVal_1_2_i_reg_1629         |   8|   0|    8|          0|
    |valOutput_reg_1679                          |  16|   0|   16|          0|
    |window_val_0_0_reg_1475                     |  16|   0|   16|          0|
    |window_val_0_2_reg_1511                     |  16|   0|   16|          0|
    |window_val_1_0_reg_1524                     |  16|   0|   16|          0|
    |window_val_1_1_reg_1549                     |  16|   0|   16|          0|
    |window_val_1_2_reg_1574                     |  16|   0|   16|          0|
    |window_val_2_0_reg_1599                     |  16|   0|   16|          0|
    |window_val_2_2_reg_1649                     |  16|   0|   16|          0|
    +--------------------------------------------+----+----+-----+-----------+
    |Total                                       | 854|   0|  922|         68|
    +--------------------------------------------+----+----+-----+-----------+



================================================================
== Interface
================================================================
* Summary: 
+--------------------------+-----+-----+------------+--------------------+--------------+
|         RTL Ports        | Dir | Bits|  Protocol  |    Source Object   |    C Type    |
+--------------------------+-----+-----+------------+--------------------+--------------+
|s_axi_CRTL_BUS_AWVALID    |  in |    1|    s_axi   |      CRTL_BUS      |    scalar    |
|s_axi_CRTL_BUS_AWREADY    | out |    1|    s_axi   |      CRTL_BUS      |    scalar    |
|s_axi_CRTL_BUS_AWADDR     |  in |    5|    s_axi   |      CRTL_BUS      |    scalar    |
|s_axi_CRTL_BUS_WVALID     |  in |    1|    s_axi   |      CRTL_BUS      |    scalar    |
|s_axi_CRTL_BUS_WREADY     | out |    1|    s_axi   |      CRTL_BUS      |    scalar    |
|s_axi_CRTL_BUS_WDATA      |  in |   32|    s_axi   |      CRTL_BUS      |    scalar    |
|s_axi_CRTL_BUS_WSTRB      |  in |    4|    s_axi   |      CRTL_BUS      |    scalar    |
|s_axi_CRTL_BUS_ARVALID    |  in |    1|    s_axi   |      CRTL_BUS      |    scalar    |
|s_axi_CRTL_BUS_ARREADY    | out |    1|    s_axi   |      CRTL_BUS      |    scalar    |
|s_axi_CRTL_BUS_ARADDR     |  in |    5|    s_axi   |      CRTL_BUS      |    scalar    |
|s_axi_CRTL_BUS_RVALID     | out |    1|    s_axi   |      CRTL_BUS      |    scalar    |
|s_axi_CRTL_BUS_RREADY     |  in |    1|    s_axi   |      CRTL_BUS      |    scalar    |
|s_axi_CRTL_BUS_RDATA      | out |   32|    s_axi   |      CRTL_BUS      |    scalar    |
|s_axi_CRTL_BUS_RRESP      | out |    2|    s_axi   |      CRTL_BUS      |    scalar    |
|s_axi_CRTL_BUS_BVALID     | out |    1|    s_axi   |      CRTL_BUS      |    scalar    |
|s_axi_CRTL_BUS_BREADY     |  in |    1|    s_axi   |      CRTL_BUS      |    scalar    |
|s_axi_CRTL_BUS_BRESP      | out |    2|    s_axi   |      CRTL_BUS      |    scalar    |
|s_axi_KERNEL_BUS_AWVALID  |  in |    1|    s_axi   |     KERNEL_BUS     |     array    |
|s_axi_KERNEL_BUS_AWREADY  | out |    1|    s_axi   |     KERNEL_BUS     |     array    |
|s_axi_KERNEL_BUS_AWADDR   |  in |    6|    s_axi   |     KERNEL_BUS     |     array    |
|s_axi_KERNEL_BUS_WVALID   |  in |    1|    s_axi   |     KERNEL_BUS     |     array    |
|s_axi_KERNEL_BUS_WREADY   | out |    1|    s_axi   |     KERNEL_BUS     |     array    |
|s_axi_KERNEL_BUS_WDATA    |  in |   32|    s_axi   |     KERNEL_BUS     |     array    |
|s_axi_KERNEL_BUS_WSTRB    |  in |    4|    s_axi   |     KERNEL_BUS     |     array    |
|s_axi_KERNEL_BUS_ARVALID  |  in |    1|    s_axi   |     KERNEL_BUS     |     array    |
|s_axi_KERNEL_BUS_ARREADY  | out |    1|    s_axi   |     KERNEL_BUS     |     array    |
|s_axi_KERNEL_BUS_ARADDR   |  in |    6|    s_axi   |     KERNEL_BUS     |     array    |
|s_axi_KERNEL_BUS_RVALID   | out |    1|    s_axi   |     KERNEL_BUS     |     array    |
|s_axi_KERNEL_BUS_RREADY   |  in |    1|    s_axi   |     KERNEL_BUS     |     array    |
|s_axi_KERNEL_BUS_RDATA    | out |   32|    s_axi   |     KERNEL_BUS     |     array    |
|s_axi_KERNEL_BUS_RRESP    | out |    2|    s_axi   |     KERNEL_BUS     |     array    |
|s_axi_KERNEL_BUS_BVALID   | out |    1|    s_axi   |     KERNEL_BUS     |     array    |
|s_axi_KERNEL_BUS_BREADY   |  in |    1|    s_axi   |     KERNEL_BUS     |     array    |
|s_axi_KERNEL_BUS_BRESP    | out |    2|    s_axi   |     KERNEL_BUS     |     array    |
|ap_clk                    |  in |    1| ap_ctrl_hs |      doImgProc     | return value |
|ap_rst_n                  |  in |    1| ap_ctrl_hs |      doImgProc     | return value |
|interrupt                 | out |    1| ap_ctrl_hs |      doImgProc     | return value |
|inStream_TDATA            |  in |    8|    axis    |  inStream_V_data_V |    pointer   |
|inStream_TVALID           |  in |    1|    axis    |  inStream_V_data_V |    pointer   |
|inStream_TREADY           | out |    1|    axis    |  inStream_V_dest_V |    pointer   |
|inStream_TDEST            |  in |    1|    axis    |  inStream_V_dest_V |    pointer   |
|inStream_TKEEP            |  in |    1|    axis    |  inStream_V_keep_V |    pointer   |
|inStream_TSTRB            |  in |    1|    axis    |  inStream_V_strb_V |    pointer   |
|inStream_TUSER            |  in |    1|    axis    |  inStream_V_user_V |    pointer   |
|inStream_TLAST            |  in |    1|    axis    |  inStream_V_last_V |    pointer   |
|inStream_TID              |  in |    1|    axis    |   inStream_V_id_V  |    pointer   |
|outStream_TDATA           | out |    8|    axis    | outStream_V_data_V |    pointer   |
|outStream_TVALID          | out |    1|    axis    | outStream_V_dest_V |    pointer   |
|outStream_TREADY          |  in |    1|    axis    | outStream_V_dest_V |    pointer   |
|outStream_TDEST           | out |    1|    axis    | outStream_V_dest_V |    pointer   |
|outStream_TKEEP           | out |    1|    axis    | outStream_V_keep_V |    pointer   |
|outStream_TSTRB           | out |    1|    axis    | outStream_V_strb_V |    pointer   |
|outStream_TUSER           | out |    1|    axis    | outStream_V_user_V |    pointer   |
|outStream_TLAST           | out |    1|    axis    | outStream_V_last_V |    pointer   |
|outStream_TID             | out |    1|    axis    |  outStream_V_id_V  |    pointer   |
+--------------------------+-----+-----+------------+--------------------+--------------+

